{
"contracts/neworder-governance-token.sol":{"l":{"232":60,"281":56,"282":56,"289":1,"297":1,"314":1,"321":1,"328":98,"340":13,"341":7,"348":9,"359":17,"360":15,"377":22,"379":16,"380":16,"381":8,"383":8,"399":1,"400":1,"418":3,"419":3,"420":1,"422":1,"440":35,"441":33,"443":31,"445":23,"446":23,"447":23,"448":23,"450":23,"463":56,"465":56,"467":56,"468":56,"469":56,"487":27,"488":27,"490":25,"491":25,"516":56,"541":87,"560":34,"561":32,"562":30,"563":28,"564":24,"565":24,"566":24,"567":24,"568":24,"579":3,"580":1,"581":1,"582":1,"583":1,"592":45,"600":110,"601":58,"603":52,"604":52,"605":1,"607":51,"615":6,"633":8,"634":6,"636":2,"637":2,"639":2,"640":2,"656":6,"657":4,"659":2,"660":2,"662":2,"664":2,"683":8,"684":6,"685":4,"686":2,"687":2,"688":2},"path":"/Users/gares/Documents/OpenDefi/dao_code/governance-token/contracts/neworder-governance-token.sol","s":{"1":60,"2":56,"3":56,"4":1,"5":1,"6":1,"7":1,"8":98,"9":13,"10":7,"11":9,"12":17,"13":15,"14":22,"15":16,"16":16,"17":8,"18":8,"19":1,"20":1,"21":3,"22":3,"23":1,"24":1,"25":35,"26":33,"27":31,"28":23,"29":23,"30":23,"31":23,"32":23,"33":56,"34":56,"35":56,"36":56,"37":56,"38":27,"39":27,"40":25,"41":25,"42":56,"43":87,"44":34,"45":32,"46":30,"47":28,"48":24,"49":24,"50":24,"51":24,"52":24,"53":3,"54":1,"55":1,"56":1,"57":1,"58":45,"59":110,"60":58,"61":52,"62":52,"63":1,"64":51,"65":6,"66":8,"67":6,"68":2,"69":2,"70":2,"71":2,"72":6,"73":4,"74":2,"75":2,"76":2,"77":2,"78":8,"79":6,"80":4,"81":2,"82":2,"83":2},"b":{"1":[8,8],"2":[1,2],"3":[33,2],"4":[31,2],"5":[23,0],"6":[56,0],"7":[27,0],"8":[25,2],"9":[79,8],"10":[32,2],"11":[30,2],"12":[28,2],"13":[24,4],"14":[1,2],"15":[58,52],"16":[1,51],"17":[6,2],"18":[2,4],"19":[4,2],"20":[2,2],"21":[6,2],"22":[4,2],"23":[2,2]},"f":{"1":60,"2":56,"3":1,"4":1,"5":1,"6":1,"7":98,"8":13,"9":9,"10":17,"11":22,"12":1,"13":3,"14":35,"15":56,"16":27,"17":0,"18":56,"19":87,"20":34,"21":3,"22":45,"23":110,"24":6,"25":8,"26":6,"27":8},"fnMap":{"1":{"name":"_msgSender","line":231,"loc":{"start":{"line":231,"column":4},"end":{"line":233,"column":4}}},"2":{"name":"constructor","line":280,"loc":{"start":{"line":280,"column":4},"end":{"line":283,"column":4}}},"3":{"name":"name","line":288,"loc":{"start":{"line":288,"column":4},"end":{"line":290,"column":4}}},"4":{"name":"symbol","line":296,"loc":{"start":{"line":296,"column":4},"end":{"line":298,"column":4}}},"5":{"name":"decimals","line":313,"loc":{"start":{"line":313,"column":4},"end":{"line":315,"column":4}}},"6":{"name":"totalSupply","line":320,"loc":{"start":{"line":320,"column":4},"end":{"line":322,"column":4}}},"7":{"name":"balanceOf","line":327,"loc":{"start":{"line":327,"column":4},"end":{"line":329,"column":4}}},"8":{"name":"transfer","line":339,"loc":{"start":{"line":339,"column":4},"end":{"line":342,"column":4}}},"9":{"name":"allowance","line":347,"loc":{"start":{"line":347,"column":4},"end":{"line":349,"column":4}}},"10":{"name":"approve","line":358,"loc":{"start":{"line":358,"column":4},"end":{"line":361,"column":4}}},"11":{"name":"transferFrom","line":376,"loc":{"start":{"line":376,"column":4},"end":{"line":384,"column":4}}},"12":{"name":"increaseAllowance","line":398,"loc":{"start":{"line":398,"column":4},"end":{"line":401,"column":4}}},"13":{"name":"decreaseAllowance","line":417,"loc":{"start":{"line":417,"column":4},"end":{"line":423,"column":4}}},"14":{"name":"_transfer","line":439,"loc":{"start":{"line":439,"column":4},"end":{"line":451,"column":4}}},"15":{"name":"_mint","line":462,"loc":{"start":{"line":462,"column":4},"end":{"line":470,"column":4}}},"16":{"name":"_approve","line":486,"loc":{"start":{"line":486,"column":4},"end":{"line":492,"column":4}}},"17":{"name":"_beforeTokenTransfer","line":508,"loc":{"start":{"line":508,"column":4},"end":{"line":508,"column":95}}},"18":{"name":"constructor","line":515,"loc":{"start":{"line":515,"column":4},"end":{"line":517,"column":4}}},"19":{"name":"_beforeTokenTransfer","line":540,"loc":{"start":{"line":540,"column":4},"end":{"line":542,"column":4}}},"20":{"name":"newTokenLock","line":559,"loc":{"start":{"line":559,"column":4},"end":{"line":569,"column":4}}},"21":{"name":"clearLock","line":578,"loc":{"start":{"line":578,"column":4},"end":{"line":584,"column":4}}},"22":{"name":"balanceUnlocked","line":590,"loc":{"start":{"line":590,"column":4},"end":{"line":594,"column":4}}},"23":{"name":"balanceLocked","line":599,"loc":{"start":{"line":599,"column":4},"end":{"line":609,"column":4}}},"24":{"name":"emitUpdateTokenLock","line":614,"loc":{"start":{"line":614,"column":4},"end":{"line":617,"column":4}}},"25":{"name":"decreaseUnlockAmount","line":632,"loc":{"start":{"line":632,"column":4},"end":{"line":642,"column":4}}},"26":{"name":"increaseUnlockTime","line":655,"loc":{"start":{"line":655,"column":4},"end":{"line":666,"column":4}}},"27":{"name":"increaseTokensLocked","line":682,"loc":{"start":{"line":682,"column":4},"end":{"line":689,"column":4}}}},"statementMap":{"1":{"start":{"line":232,"column":8},"end":{"line":232,"column":25}},"2":{"start":{"line":281,"column":8},"end":{"line":281,"column":20}},"3":{"start":{"line":282,"column":8},"end":{"line":282,"column":24}},"4":{"start":{"line":289,"column":8},"end":{"line":289,"column":20}},"5":{"start":{"line":297,"column":8},"end":{"line":297,"column":22}},"6":{"start":{"line":314,"column":8},"end":{"line":314,"column":17}},"7":{"start":{"line":321,"column":8},"end":{"line":321,"column":27}},"8":{"start":{"line":328,"column":8},"end":{"line":328,"column":33}},"9":{"start":{"line":340,"column":8},"end":{"line":340,"column":49}},"10":{"start":{"line":341,"column":8},"end":{"line":341,"column":19}},"11":{"start":{"line":348,"column":8},"end":{"line":348,"column":42}},"12":{"start":{"line":359,"column":8},"end":{"line":359,"column":46}},"13":{"start":{"line":360,"column":8},"end":{"line":360,"column":19}},"14":{"start":{"line":377,"column":8},"end":{"line":377,"column":43}},"15":{"start":{"line":379,"column":8},"end":{"line":379,"column":68}},"16":{"start":{"line":380,"column":8},"end":{"line":380,"column":86}},"17":{"start":{"line":381,"column":8},"end":{"line":381,"column":64}},"18":{"start":{"line":383,"column":8},"end":{"line":383,"column":19}},"19":{"start":{"line":399,"column":8},"end":{"line":399,"column":87}},"20":{"start":{"line":400,"column":8},"end":{"line":400,"column":19}},"21":{"start":{"line":418,"column":8},"end":{"line":418,"column":69}},"22":{"start":{"line":419,"column":8},"end":{"line":419,"column":92}},"23":{"start":{"line":420,"column":8},"end":{"line":420,"column":74}},"24":{"start":{"line":422,"column":8},"end":{"line":422,"column":19}},"25":{"start":{"line":440,"column":8},"end":{"line":440,"column":77}},"26":{"start":{"line":441,"column":8},"end":{"line":441,"column":78}},"27":{"start":{"line":443,"column":8},"end":{"line":443,"column":54}},"28":{"start":{"line":445,"column":8},"end":{"line":445,"column":49}},"29":{"start":{"line":446,"column":8},"end":{"line":446,"column":81}},"30":{"start":{"line":447,"column":8},"end":{"line":447,"column":49}},"31":{"start":{"line":448,"column":8},"end":{"line":448,"column":37}},"32":{"start":{"line":450,"column":8},"end":{"line":450,"column":48}},"33":{"start":{"line":463,"column":8},"end":{"line":463,"column":72}},"34":{"start":{"line":465,"column":8},"end":{"line":465,"column":56}},"35":{"start":{"line":467,"column":8},"end":{"line":467,"column":29}},"36":{"start":{"line":468,"column":8},"end":{"line":468,"column":35}},"37":{"start":{"line":469,"column":8},"end":{"line":469,"column":50}},"38":{"start":{"line":487,"column":8},"end":{"line":487,"column":75}},"39":{"start":{"line":488,"column":8},"end":{"line":488,"column":75}},"40":{"start":{"line":490,"column":8},"end":{"line":490,"column":43}},"41":{"start":{"line":491,"column":8},"end":{"line":491,"column":45}},"42":{"start":{"line":516,"column":8},"end":{"line":516,"column":32}},"43":{"start":{"line":541,"column":12},"end":{"line":541,"column":104}},"44":{"start":{"line":560,"column":8},"end":{"line":560,"column":65}},"45":{"start":{"line":561,"column":8},"end":{"line":561,"column":85}},"46":{"start":{"line":562,"column":8},"end":{"line":562,"column":50}},"47":{"start":{"line":563,"column":8},"end":{"line":563,"column":105}},"48":{"start":{"line":564,"column":8},"end":{"line":564,"column":45}},"49":{"start":{"line":565,"column":8},"end":{"line":565,"column":45}},"50":{"start":{"line":566,"column":8},"end":{"line":566,"column":55}},"51":{"start":{"line":567,"column":8},"end":{"line":567,"column":55}},"52":{"start":{"line":568,"column":8},"end":{"line":568,"column":144}},"53":{"start":{"line":579,"column":8},"end":{"line":579,"column":67}},"54":{"start":{"line":580,"column":8},"end":{"line":580,"column":31}},"55":{"start":{"line":581,"column":8},"end":{"line":581,"column":34}},"56":{"start":{"line":582,"column":8},"end":{"line":582,"column":39}},"57":{"start":{"line":583,"column":8},"end":{"line":583,"column":39}},"58":{"start":{"line":592,"column":8},"end":{"line":592,"column":51}},"59":{"start":{"line":600,"column":8},"end":{"line":600,"column":23372}},"60":{"start":{"line":601,"column":12},"end":{"line":601,"column":20}},"61":{"start":{"line":603,"column":8},"end":{"line":603,"column":111}},"62":{"start":{"line":604,"column":8},"end":{"line":604,"column":23557}},"63":{"start":{"line":605,"column":12},"end":{"line":605,"column":20}},"64":{"start":{"line":607,"column":8},"end":{"line":607,"column":54}},"65":{"start":{"line":615,"column":8},"end":{"line":615,"column":147}},"66":{"start":{"line":633,"column":8},"end":{"line":633,"column":69}},"67":{"start":{"line":634,"column":8},"end":{"line":634,"column":116}},"68":{"start":{"line":636,"column":8},"end":{"line":636,"column":63}},"69":{"start":{"line":637,"column":8},"end":{"line":637,"column":45}},"70":{"start":{"line":639,"column":8},"end":{"line":639,"column":85}},"71":{"start":{"line":640,"column":8},"end":{"line":640,"column":28}},"72":{"start":{"line":656,"column":8},"end":{"line":656,"column":57}},"73":{"start":{"line":657,"column":8},"end":{"line":657,"column":69}},"74":{"start":{"line":659,"column":8},"end":{"line":659,"column":63}},"75":{"start":{"line":660,"column":8},"end":{"line":660,"column":45}},"76":{"start":{"line":662,"column":8},"end":{"line":662,"column":70}},"77":{"start":{"line":664,"column":8},"end":{"line":664,"column":28}},"78":{"start":{"line":683,"column":8},"end":{"line":683,"column":56}},"79":{"start":{"line":684,"column":8},"end":{"line":684,"column":69}},"80":{"start":{"line":685,"column":8},"end":{"line":685,"column":84}},"81":{"start":{"line":686,"column":8},"end":{"line":686,"column":77}},"82":{"start":{"line":687,"column":8},"end":{"line":687,"column":45}},"83":{"start":{"line":688,"column":8},"end":{"line":688,"column":28}}},"branchMap":{"1":{"line":380,"type":"if","locations":[{"start":{"line":380,"column":8},"end":{"line":380,"column":8}},{"start":{"line":380,"column":8},"end":{"line":380,"column":8}}]},"2":{"line":419,"type":"if","locations":[{"start":{"line":419,"column":8},"end":{"line":419,"column":8}},{"start":{"line":419,"column":8},"end":{"line":419,"column":8}}]},"3":{"line":440,"type":"if","locations":[{"start":{"line":440,"column":8},"end":{"line":440,"column":8}},{"start":{"line":440,"column":8},"end":{"line":440,"column":8}}]},"4":{"line":441,"type":"if","locations":[{"start":{"line":441,"column":8},"end":{"line":441,"column":8}},{"start":{"line":441,"column":8},"end":{"line":441,"column":8}}]},"5":{"line":446,"type":"if","locations":[{"start":{"line":446,"column":8},"end":{"line":446,"column":8}},{"start":{"line":446,"column":8},"end":{"line":446,"column":8}}]},"6":{"line":463,"type":"if","locations":[{"start":{"line":463,"column":8},"end":{"line":463,"column":8}},{"start":{"line":463,"column":8},"end":{"line":463,"column":8}}]},"7":{"line":487,"type":"if","locations":[{"start":{"line":487,"column":8},"end":{"line":487,"column":8}},{"start":{"line":487,"column":8},"end":{"line":487,"column":8}}]},"8":{"line":488,"type":"if","locations":[{"start":{"line":488,"column":8},"end":{"line":488,"column":8}},{"start":{"line":488,"column":8},"end":{"line":488,"column":8}}]},"9":{"line":541,"type":"if","locations":[{"start":{"line":541,"column":12},"end":{"line":541,"column":12}},{"start":{"line":541,"column":12},"end":{"line":541,"column":12}}]},"10":{"line":560,"type":"if","locations":[{"start":{"line":560,"column":8},"end":{"line":560,"column":8}},{"start":{"line":560,"column":8},"end":{"line":560,"column":8}}]},"11":{"line":561,"type":"if","locations":[{"start":{"line":561,"column":8},"end":{"line":561,"column":8}},{"start":{"line":561,"column":8},"end":{"line":561,"column":8}}]},"12":{"line":562,"type":"if","locations":[{"start":{"line":562,"column":8},"end":{"line":562,"column":8}},{"start":{"line":562,"column":8},"end":{"line":562,"column":8}}]},"13":{"line":563,"type":"if","locations":[{"start":{"line":563,"column":8},"end":{"line":563,"column":8}},{"start":{"line":563,"column":8},"end":{"line":563,"column":8}}]},"14":{"line":579,"type":"if","locations":[{"start":{"line":579,"column":8},"end":{"line":579,"column":8}},{"start":{"line":579,"column":8},"end":{"line":579,"column":8}}]},"15":{"line":600,"type":"if","locations":[{"start":{"line":600,"column":8},"end":{"line":600,"column":8}},{"start":{"line":600,"column":8},"end":{"line":600,"column":8}}]},"16":{"line":604,"type":"if","locations":[{"start":{"line":604,"column":8},"end":{"line":604,"column":8}},{"start":{"line":604,"column":8},"end":{"line":604,"column":8}}]},"17":{"line":633,"type":"if","locations":[{"start":{"line":633,"column":8},"end":{"line":633,"column":8}},{"start":{"line":633,"column":8},"end":{"line":633,"column":8}}]},"18":{"line":634,"type":"if","locations":[{"start":{"line":634,"column":8},"end":{"line":634,"column":8}},{"start":{"line":634,"column":8},"end":{"line":634,"column":8}}]},"19":{"line":656,"type":"if","locations":[{"start":{"line":656,"column":8},"end":{"line":656,"column":8}},{"start":{"line":656,"column":8},"end":{"line":656,"column":8}}]},"20":{"line":657,"type":"if","locations":[{"start":{"line":657,"column":8},"end":{"line":657,"column":8}},{"start":{"line":657,"column":8},"end":{"line":657,"column":8}}]},"21":{"line":683,"type":"if","locations":[{"start":{"line":683,"column":8},"end":{"line":683,"column":8}},{"start":{"line":683,"column":8},"end":{"line":683,"column":8}}]},"22":{"line":684,"type":"if","locations":[{"start":{"line":684,"column":8},"end":{"line":684,"column":8}},{"start":{"line":684,"column":8},"end":{"line":684,"column":8}}]},"23":{"line":685,"type":"if","locations":[{"start":{"line":685,"column":8},"end":{"line":685,"column":8}},{"start":{"line":685,"column":8},"end":{"line":685,"column":8}}]}}}}
