TN:
SF:/Users/gares/Documents/OpenDefi/dao_code/governance-token/contracts/neworder-governance-token.sol
FN:231,_msgSender
FN:280,constructor
FN:288,name
FN:296,symbol
FN:313,decimals
FN:320,totalSupply
FN:327,balanceOf
FN:339,transfer
FN:347,allowance
FN:358,approve
FN:376,transferFrom
FN:398,increaseAllowance
FN:417,decreaseAllowance
FN:439,_transfer
FN:462,_mint
FN:486,_approve
FN:508,_beforeTokenTransfer
FN:515,constructor
FN:540,_beforeTokenTransfer
FN:559,newTokenLock
FN:578,clearLock
FN:590,balanceUnlocked
FN:599,balanceLocked
FN:614,emitUpdateTokenLock
FN:632,decreaseUnlockAmount
FN:655,increaseUnlockTime
FN:682,increaseTokensLocked
FNF:27
FNH:26
FNDA:60,_msgSender
FNDA:56,constructor
FNDA:1,name
FNDA:1,symbol
FNDA:1,decimals
FNDA:1,totalSupply
FNDA:98,balanceOf
FNDA:13,transfer
FNDA:9,allowance
FNDA:17,approve
FNDA:22,transferFrom
FNDA:1,increaseAllowance
FNDA:3,decreaseAllowance
FNDA:35,_transfer
FNDA:56,_mint
FNDA:27,_approve
FNDA:0,_beforeTokenTransfer
FNDA:56,constructor
FNDA:87,_beforeTokenTransfer
FNDA:34,newTokenLock
FNDA:3,clearLock
FNDA:45,balanceUnlocked
FNDA:110,balanceLocked
FNDA:6,emitUpdateTokenLock
FNDA:8,decreaseUnlockAmount
FNDA:6,increaseUnlockTime
FNDA:8,increaseTokensLocked
DA:232,60
DA:281,56
DA:282,56
DA:289,1
DA:297,1
DA:314,1
DA:321,1
DA:328,98
DA:340,13
DA:341,7
DA:348,9
DA:359,17
DA:360,15
DA:377,22
DA:379,16
DA:380,16
DA:381,8
DA:383,8
DA:399,1
DA:400,1
DA:418,3
DA:419,3
DA:420,1
DA:422,1
DA:440,35
DA:441,33
DA:443,31
DA:445,23
DA:446,23
DA:447,23
DA:448,23
DA:450,23
DA:463,56
DA:465,56
DA:467,56
DA:468,56
DA:469,56
DA:487,27
DA:488,27
DA:490,25
DA:491,25
DA:516,56
DA:541,87
DA:560,34
DA:561,32
DA:562,30
DA:563,28
DA:564,24
DA:565,24
DA:566,24
DA:567,24
DA:568,24
DA:579,3
DA:580,1
DA:581,1
DA:582,1
DA:583,1
DA:592,45
DA:600,110
DA:601,58
DA:603,52
DA:604,52
DA:605,1
DA:607,51
DA:615,6
DA:633,8
DA:634,6
DA:636,2
DA:637,2
DA:639,2
DA:640,2
DA:656,6
DA:657,4
DA:659,2
DA:660,2
DA:662,2
DA:664,2
DA:683,8
DA:684,6
DA:685,4
DA:686,2
DA:687,2
DA:688,2
LF:83
LH:83
BRDA:380,1,0,8
BRDA:380,1,1,8
BRDA:419,2,0,1
BRDA:419,2,1,2
BRDA:440,3,0,33
BRDA:440,3,1,2
BRDA:441,4,0,31
BRDA:441,4,1,2
BRDA:446,5,0,23
BRDA:446,5,1,0
BRDA:463,6,0,56
BRDA:463,6,1,0
BRDA:487,7,0,27
BRDA:487,7,1,0
BRDA:488,8,0,25
BRDA:488,8,1,2
BRDA:541,9,0,79
BRDA:541,9,1,8
BRDA:560,10,0,32
BRDA:560,10,1,2
BRDA:561,11,0,30
BRDA:561,11,1,2
BRDA:562,12,0,28
BRDA:562,12,1,2
BRDA:563,13,0,24
BRDA:563,13,1,4
BRDA:579,14,0,1
BRDA:579,14,1,2
BRDA:600,15,0,58
BRDA:600,15,1,52
BRDA:604,16,0,1
BRDA:604,16,1,51
BRDA:633,17,0,6
BRDA:633,17,1,2
BRDA:634,18,0,2
BRDA:634,18,1,4
BRDA:656,19,0,4
BRDA:656,19,1,2
BRDA:657,20,0,2
BRDA:657,20,1,2
BRDA:683,21,0,6
BRDA:683,21,1,2
BRDA:684,22,0,4
BRDA:684,22,1,2
BRDA:685,23,0,2
BRDA:685,23,1,2
BRF:46
BRH:43
end_of_record
